<?xml version="1.0" encoding="UTF-8"?>
<testsuite xmlns:xsi="http://www.w3.org/2001/XMLSchema-instance" xsi:noNamespaceSchemaLocation="https://maven.apache.org/surefire/maven-surefire-plugin/xsd/surefire-test-report-3.0.xsd" version="3.0" name="io.github.com.springsecuritydemo.SpringSecurityDemoApplicationTests" time="6.256" tests="1" errors="0" skipped="0" failures="0">
  <properties>
[...]
</properties>
  <testcase name="contextLoads" classname="io.github.com.springsecuritydemo.SpringSecurityDemoApplicationTests" time="1.12">
    <system-out><![CDATA[00:44:48.951 [main] INFO org.springframework.test.context.support.AnnotationConfigContextLoaderUtils -- Could not detect default configuration classes for test class [io.github.com.springsecuritydemo.SpringSecurityDemoApplicationTests]: SpringSecurityDemoApplicationTests does not declare any static, non-private, non-final, nested classes annotated with @Configuration.
00:44:49.080 [main] INFO org.springframework.boot.test.context.SpringBootTestContextBootstrapper -- Found @SpringBootConfiguration io.github.com.springsecuritydemo.SpringSecurityDemoApplication for test class io.github.com.springsecuritydemo.SpringSecurityDemoApplicationTests

  .   ____          _            __ _ _
 /\\ / ___'_ __ _ _(_)_ __  __ _ \ \ \ \
( ( )\___ | '_ | '_| | '_ \/ _` | \ \ \ \
 \\/  ___)| |_)| | | | | || (_| |  ) ) ) )
  '  |____| .__|_| |_|_| |_\__, | / / / /
 =========|_|==============|___/=/_/_/_/
 :: Spring Boot ::                (v3.2.3)

2024-02-28T00:44:49.629-03:00  INFO 12664 --- [           main] g.c.s.SpringSecurityDemoApplicationTests : Starting SpringSecurityDemoApplicationTests using Java 18.0.2 with PID 12664 (started by dudup in D:\projetos\spring-security-demo)
2024-02-28T00:44:49.631-03:00  INFO 12664 --- [           main] g.c.s.SpringSecurityDemoApplicationTests : No active profile set, falling back to 1 default profile: "default"
2024-02-28T00:44:50.799-03:00  INFO 12664 --- [           main] .s.d.r.c.RepositoryConfigurationDelegate : Multiple Spring Data modules found, entering strict repository configuration mode
2024-02-28T00:44:50.800-03:00  INFO 12664 --- [           main] .s.d.r.c.RepositoryConfigurationDelegate : Bootstrapping Spring Data JDBC repositories in DEFAULT mode.
2024-02-28T00:44:50.830-03:00  INFO 12664 --- [           main] .s.d.r.c.RepositoryConfigurationDelegate : Finished Spring Data repository scanning in 21 ms. Found 0 JDBC repository interfaces.
2024-02-28T00:44:50.846-03:00  INFO 12664 --- [           main] .s.d.r.c.RepositoryConfigurationDelegate : Multiple Spring Data modules found, entering strict repository configuration mode
2024-02-28T00:44:50.847-03:00  INFO 12664 --- [           main] .s.d.r.c.RepositoryConfigurationDelegate : Bootstrapping Spring Data JPA repositories in DEFAULT mode.
2024-02-28T00:44:50.854-03:00  INFO 12664 --- [           main] .s.d.r.c.RepositoryConfigurationDelegate : Finished Spring Data repository scanning in 3 ms. Found 0 JPA repository interfaces.
2024-02-28T00:44:51.412-03:00  INFO 12664 --- [           main] com.zaxxer.hikari.HikariDataSource       : HikariPool-1 - Starting...
2024-02-28T00:44:51.644-03:00  INFO 12664 --- [           main] com.zaxxer.hikari.pool.HikariPool        : HikariPool-1 - Added connection conn0: url=jdbc:h2:mem:testdb user=SA
2024-02-28T00:44:51.646-03:00  INFO 12664 --- [           main] com.zaxxer.hikari.HikariDataSource       : HikariPool-1 - Start completed.
2024-02-28T00:44:51.713-03:00  INFO 12664 --- [           main] o.hibernate.jpa.internal.util.LogHelper  : HHH000204: Processing PersistenceUnitInfo [name: default]
2024-02-28T00:44:51.787-03:00  INFO 12664 --- [           main] org.hibernate.Version                    : HHH000412: Hibernate ORM core version 6.4.4.Final
2024-02-28T00:44:51.836-03:00  INFO 12664 --- [           main] o.h.c.internal.RegionFactoryInitiator    : HHH000026: Second-level cache disabled
2024-02-28T00:44:52.199-03:00  INFO 12664 --- [           main] o.s.o.j.p.SpringPersistenceUnitInfo      : No LoadTimeWeaver setup: ignoring JPA class transformer
2024-02-28T00:44:52.685-03:00  INFO 12664 --- [           main] o.h.e.t.j.p.i.JtaPlatformInitiator       : HHH000489: No JTA platform available (set 'hibernate.transaction.jta.platform' to enable JTA platform integration)
2024-02-28T00:44:52.690-03:00  INFO 12664 --- [           main] j.LocalContainerEntityManagerFactoryBean : Initialized JPA EntityManagerFactory for persistence unit 'default'
2024-02-28T00:44:52.907-03:00  WARN 12664 --- [           main] JpaBaseConfiguration$JpaWebConfiguration : spring.jpa.open-in-view is enabled by default. Therefore, database queries may be performed during view rendering. Explicitly configure spring.jpa.open-in-view to disable this warning
2024-02-28T00:44:53.525-03:00  INFO 12664 --- [           main] o.s.b.a.h2.H2ConsoleAutoConfiguration    : H2 console available at '/h2-console'. Database available at 'jdbc:h2:mem:testdb'
2024-02-28T00:44:53.572-03:00  WARN 12664 --- [           main] .s.s.UserDetailsServiceAutoConfiguration : 

Using generated security password: d642077f-02c5-48fa-8853-721c02decb98

This generated password is for development use only. Your security configuration must be updated before running your application in production.

2024-02-28T00:44:53.726-03:00  INFO 12664 --- [           main] o.s.s.web.DefaultSecurityFilterChain     : Will secure any request with [org.springframework.security.web.session.DisableEncodeUrlFilter@3e1897d, org.springframework.security.web.context.request.async.WebAsyncManagerIntegrationFilter@7cdb05aa, org.springframework.security.web.context.SecurityContextHolderFilter@4fce3ed7, org.springframework.security.web.header.HeaderWriterFilter@690e4b00, org.springframework.web.filter.CorsFilter@2079fcfc, org.springframework.security.web.csrf.CsrfFilter@355b53cc, org.springframework.security.web.authentication.logout.LogoutFilter@4a773f08, org.springframework.security.web.authentication.UsernamePasswordAuthenticationFilter@3487947c, org.springframework.security.web.authentication.ui.DefaultLoginPageGeneratingFilter@56a72887, org.springframework.security.web.authentication.ui.DefaultLogoutPageGeneratingFilter@77401977, org.springframework.security.web.authentication.www.BasicAuthenticationFilter@d0e4972, org.springframework.security.web.savedrequest.RequestCacheAwareFilter@4fb99927, org.springframework.security.web.servletapi.SecurityContextHolderAwareRequestFilter@2d9df336, org.springframework.security.web.authentication.AnonymousAuthenticationFilter@7865cc83, org.springframework.security.web.access.ExceptionTranslationFilter@60484429, org.springframework.security.web.access.intercept.AuthorizationFilter@531299d3]
2024-02-28T00:44:53.816-03:00  INFO 12664 --- [           main] g.c.s.SpringSecurityDemoApplicationTests : Started SpringSecurityDemoApplicationTests in 4.523 seconds (process running for 5.869)
]]></system-out>
  </testcase>
</testsuite>